<?xml version="1.0" encoding="UTF-8"?>
<!-- Generated by org.testng.reporters.JUnitXMLReporter -->
<testsuite ignored="0" hostname="DESKTOP-B3CJIN7" failures="0" tests="5" name="Test" time="10.181" errors="0" timestamp="2025-08-14T17:03:33 IST">
  <testcase classname="tests.CreateUser" name="testCreateUser" time="4.137"/>
  <testcase classname="tests.GetUser" name="getuserdetails" time="2.376"/>
  <testcase classname="tests.LoginUser" name="LoginUserdetails" time="1.099"/>
  <testcase classname="tests.UpdateUser" name="updateUser" time="0.714"/>
  <testcase classname="tests.LogoutUser" name="logoutUser" time="1.062"/>
</testsuite> <!-- Test -->
