<?xml version="1.0" encoding="UTF-8"?>
<testng-results ignored="0" total="5" passed="5" failed="0" skipped="0">
  <reporter-output>
  </reporter-output>
  <suite started-at="2025-08-14T17:03:22 IST" name="Suite" finished-at="2025-08-14T17:03:32 IST" duration-ms="10181">
    <groups>
    </groups>
    <test started-at="2025-08-14T17:03:22 IST" name="Test" finished-at="2025-08-14T17:03:32 IST" duration-ms="10181">
      <class name="tests.LogoutUser">
        <test-method signature="logoutUser()[pri:5, instance:tests.LogoutUser@7dcf94f8]" started-at="2025-08-14T17:03:31 IST" name="logoutUser" finished-at="2025-08-14T17:03:32 IST" duration-ms="1062" status="PASS">
          <reporter-output>
          </reporter-output>
        </test-method> <!-- logoutUser -->
        <test-method is-config="true" signature="setup()[pri:0, instance:tests.LogoutUser@7dcf94f8]" started-at="2025-08-14T17:03:31 IST" name="setup" finished-at="2025-08-14T17:03:31 IST" duration-ms="0" status="PASS">
          <reporter-output>
          </reporter-output>
        </test-method> <!-- setup -->
      </class> <!-- tests.LogoutUser -->
      <class name="tests.LoginUser">
        <test-method is-config="true" signature="setup()[pri:0, instance:tests.LoginUser@682b2fa]" started-at="2025-08-14T17:03:29 IST" name="setup" finished-at="2025-08-14T17:03:29 IST" duration-ms="0" status="PASS">
          <reporter-output>
          </reporter-output>
        </test-method> <!-- setup -->
        <test-method signature="LoginUserdetails()[pri:3, instance:tests.LoginUser@682b2fa]" started-at="2025-08-14T17:03:29 IST" name="LoginUserdetails" finished-at="2025-08-14T17:03:31 IST" duration-ms="1099" status="PASS">
          <reporter-output>
          </reporter-output>
        </test-method> <!-- LoginUserdetails -->
      </class> <!-- tests.LoginUser -->
      <class name="tests.CreateUser">
        <test-method is-config="true" signature="setup()[pri:0, instance:tests.CreateUser@5e0e82ae]" started-at="2025-08-14T17:03:22 IST" name="setup" finished-at="2025-08-14T17:03:23 IST" duration-ms="416" status="PASS">
          <reporter-output>
          </reporter-output>
        </test-method> <!-- setup -->
        <test-method signature="testCreateUser()[pri:1, instance:tests.CreateUser@5e0e82ae]" started-at="2025-08-14T17:03:23 IST" name="testCreateUser" finished-at="2025-08-14T17:03:27 IST" duration-ms="4137" status="PASS">
          <reporter-output>
          </reporter-output>
        </test-method> <!-- testCreateUser -->
      </class> <!-- tests.CreateUser -->
      <class name="tests.UpdateUser">
        <test-method signature="updateUser()[pri:4, instance:tests.UpdateUser@217ed35e]" started-at="2025-08-14T17:03:31 IST" name="updateUser" finished-at="2025-08-14T17:03:31 IST" duration-ms="714" status="PASS">
          <reporter-output>
          </reporter-output>
        </test-method> <!-- updateUser -->
        <test-method is-config="true" signature="setup()[pri:0, instance:tests.UpdateUser@217ed35e]" started-at="2025-08-14T17:03:31 IST" name="setup" finished-at="2025-08-14T17:03:31 IST" duration-ms="0" status="PASS">
          <reporter-output>
          </reporter-output>
        </test-method> <!-- setup -->
      </class> <!-- tests.UpdateUser -->
      <class name="tests.GetUser">
        <test-method signature="getuserdetails()[pri:2, instance:tests.GetUser@139982de]" started-at="2025-08-14T17:03:27 IST" name="getuserdetails" finished-at="2025-08-14T17:03:29 IST" duration-ms="2376" status="PASS">
          <reporter-output>
          </reporter-output>
        </test-method> <!-- getuserdetails -->
        <test-method is-config="true" signature="setup()[pri:0, instance:tests.GetUser@139982de]" started-at="2025-08-14T17:03:27 IST" name="setup" finished-at="2025-08-14T17:03:27 IST" duration-ms="0" status="PASS">
          <reporter-output>
          </reporter-output>
        </test-method> <!-- setup -->
      </class> <!-- tests.GetUser -->
    </test> <!-- Test -->
  </suite> <!-- Suite -->
</testng-results>
